[debug] [2024-04-21T15:28:44.243Z] ----------------------------------------------------------------------
[debug] [2024-04-21T15:28:44.245Z] Command:       /opt/homebrew/Cellar/node/21.6.2/bin/node /opt/homebrew/bin/firebase init
[debug] [2024-04-21T15:28:44.245Z] CLI Version:   13.7.3
[debug] [2024-04-21T15:28:44.245Z] Platform:      darwin
[debug] [2024-04-21T15:28:44.245Z] Node Version:  v21.6.2
[debug] [2024-04-21T15:28:44.245Z] Time:          Sun Apr 21 2024 20:58:44 GMT+0530 (India Standard Time)
[debug] [2024-04-21T15:28:44.246Z] ----------------------------------------------------------------------
[debug] 
[debug] [2024-04-21T15:28:44.248Z] > command requires scopes: ["email","openid","https://www.googleapis.com/auth/cloudplatformprojects.readonly","https://www.googleapis.com/auth/firebase","https://www.googleapis.com/auth/cloud-platform"]
[debug] [2024-04-21T15:28:44.249Z] > authorizing via signed-in user (aryavijayanrohini@gmail.com)
[info] 
     ######## #### ########  ######## ########     ###     ######  ########
     ##        ##  ##     ## ##       ##     ##  ##   ##  ##       ##
     ######    ##  ########  ######   ########  #########  ######  ######
     ##        ##  ##    ##  ##       ##     ## ##     ##       ## ##
     ##       #### ##     ## ######## ########  ##     ##  ######  ########

You're about to initialize a Firebase project in this directory:

  /Users/aryavijayan/Documents/Projects/certificate_downloader

[info] 
=== Project Setup
[info] 
[info] First, let's associate this project directory with a Firebase project.
[info] You can create multiple project aliases by running firebase use --add, 
[info] but for now we'll just set up a default project.
[info] 
[debug] [2024-04-21T15:28:50.080Z] > refreshing access token with scopes: []
[debug] [2024-04-21T15:28:50.081Z] >>> [apiv2][query] POST https://www.googleapis.com/oauth2/v3/token [none]
[debug] [2024-04-21T15:28:50.081Z] >>> [apiv2][body] POST https://www.googleapis.com/oauth2/v3/token [omitted]
[debug] [2024-04-21T15:28:50.539Z] <<< [apiv2][status] POST https://www.googleapis.com/oauth2/v3/token 400
[debug] [2024-04-21T15:28:50.539Z] <<< [apiv2][body] POST https://www.googleapis.com/oauth2/v3/token [omitted]
[debug] [2024-04-21T15:28:50.540Z] >>> [apiv2][query] GET https://firebase.googleapis.com/v1beta1/projects pageSize=100
[debug] [2024-04-21T15:28:51.378Z] <<< [apiv2][status] GET https://firebase.googleapis.com/v1beta1/projects 401
[debug] [2024-04-21T15:28:51.378Z] <<< [apiv2][body] GET https://firebase.googleapis.com/v1beta1/projects [omitted]
[debug] [2024-04-21T15:28:51.379Z] HTTP Error: 401, Request had invalid authentication credentials. Expected OAuth 2 access token, login cookie or other valid authentication credential. See https://developers.google.com/identity/sign-in/web/devconsole-project.
[debug] [2024-04-21T15:28:51.725Z] FirebaseError: HTTP Error: 401, Request had invalid authentication credentials. Expected OAuth 2 access token, login cookie or other valid authentication credential. See https://developers.google.com/identity/sign-in/web/devconsole-project.
    at responseToError (/opt/homebrew/lib/node_modules/firebase-tools/lib/responseToError.js:49:12)
    at RetryOperation._fn (/opt/homebrew/lib/node_modules/firebase-tools/lib/apiv2.js:299:77)
    at process.processTicksAndRejections (node:internal/process/task_queues:95:5)
[error] 
[error] Error: Failed to list Firebase projects. See firebase-debug.log for more info.
